========== TASK 1 : Implementing PCA on data ==========
========== TASK 2 ==========
===== TASK 2 Q1 : Apply linear SVM and do 10-fold cross validation =====

>>>>>>>>Training SVM on 10% dimensions PCA...

==================== Fold 1 ====================
Finished in 64.21 seconds
train_accuracy: 96.0%	val_accuracy: 29.0%
train_f1:
	airplane: 0.9623655913978494
	automobile: 0.9923664122137403
	bird: 0.9376623376623376
	cat: 0.9113924050632912
	deer: 0.947945205479452
	dog: 0.9405099150141643
	frog: 0.9460916442048517
	horse: 0.9914529914529915
	ship: 0.9782608695652174
	truck: 0.9971590909090909
val_f1:
	airplane: 0.27956989247311825
	automobile: 0.27586206896551724
	bird: 0.23076923076923075
	cat: 0.20289855072463767
	deer: 0.27083333333333337
	dog: 0.20289855072463767
	frog: 0.37333333333333335
	horse: 0.34210526315789475
	ship: 0.42352941176470593
	truck: 0.27777777777777773
==================== Fold 2 ====================
Finished in 72.06 seconds
train_accuracy: 95.92%	val_accuracy: 28.75%
train_f1:
	airplane: 0.951885565669701
	automobile: 0.9805097451274363
	bird: 0.9283819628647214
	cat: 0.9197707736389684
	deer: 0.9478021978021978
	dog: 0.9463276836158191
	frog: 0.9558011049723757
	horse: 0.9971181556195965
	ship: 0.9738651994497937
	truck: 0.9931600547195624
val_f1:
	airplane: 0.26666666666666666
	automobile: 0.358974358974359
	bird: 0.24691358024691357
	cat: 0.22471910112359547
	deer: 0.27083333333333337
	dog: 0.2580645161290323
	frog: 0.24719101123595508
	horse: 0.3380281690140845
	ship: 0.379746835443038
	truck: 0.3076923076923077
==================== Fold 3 ====================
Finished in 71.92 seconds
train_accuracy: 95.92%	val_accuracy: 28.0%
train_f1:
	airplane: 0.9591280653950954
	automobile: 0.9895052473763118
	bird: 0.9276485788113695
	cat: 0.9235127478753541
	deer: 0.9496021220159151
	dog: 0.9452449567723342
	frog: 0.9462365591397849
	horse: 0.9956458635703919
	ship: 0.9703504043126684
	truck: 0.9913793103448276
val_f1:
	airplane: 0.42105263157894735
	automobile: 0.2597402597402597
	bird: 0.16470588235294117
	cat: 0.17721518987341772
	deer: 0.17647058823529413
	dog: 0.11904761904761904
	frog: 0.358974358974359
	horse: 0.3376623376623376
	ship: 0.47500000000000003
	truck: 0.28571428571428575
==================== Fold 4 ====================
Finished in 64.19 seconds
train_accuracy: 96.31%	val_accuracy: 29.75%
train_f1:
	airplane: 0.9603283173734609
	automobile: 0.9835575485799701
	bird: 0.9312169312169313
	cat: 0.9410112359550562
	deer: 0.9463548830811556
	dog: 0.9541547277936963
	frog: 0.9662618083670714
	horse: 0.9956584659913169
	ship: 0.9693741677762983
	truck: 0.9861878453038674
val_f1:
	airplane: 0.3505154639175258
	automobile: 0.3529411764705882
	bird: 0.34343434343434337
	cat: 0.19148936170212766
	deer: 0.2173913043478261
	dog: 0.12698412698412698
	frog: 0.32
	horse: 0.30379746835443033
	ship: 0.3835616438356164
	truck: 0.4000000000000001
==================== Fold 5 ====================
Finished in 58.18 seconds
train_accuracy: 96.5%	val_accuracy: 27.25%
train_f1:
	airplane: 0.9672131147540983
	automobile: 0.9834087481146305
	bird: 0.9507323568575233
	cat: 0.9361702127659574
	deer: 0.948787061994609
	dog: 0.9530583214793741
	frog: 0.9591280653950953
	horse: 0.9900142653352354
	ship: 0.9743589743589743
	truck: 0.989010989010989
val_f1:
	airplane: 0.23529411764705882
	automobile: 0.2571428571428572
	bird: 0.2197802197802198
	cat: 0.14117647058823526
	deer: 0.2916666666666667
	dog: 0.2777777777777778
	frog: 0.25974025974025977
	horse: 0.34920634920634924
	ship: 0.425
	truck: 0.31250000000000006
==================== Fold 6 ====================
Finished in 63.18 seconds
train_accuracy: 96.39%	val_accuracy: 29.5%
train_f1:
	airplane: 0.9624664879356568
	automobile: 0.9889064976228209
	bird: 0.9354838709677418
	cat: 0.9329529243937232
	deer: 0.9502018842530283
	dog: 0.9504950495049505
	frog: 0.9572192513368983
	horse: 0.9943502824858756
	ship: 0.9787798408488064
	truck: 0.9916434540389972
val_f1:
	airplane: 0.2921348314606742
	automobile: 0.39080459770114934
	bird: 0.15384615384615383
	cat: 0.13953488372093023
	deer: 0.27272727272727276
	dog: 0.20000000000000004
	frog: 0.37499999999999994
	horse: 0.3225806451612903
	ship: 0.42105263157894735
	truck: 0.39506172839506176
==================== Fold 7 ====================
Finished in 69.56 seconds
train_accuracy: 96.64%	val_accuracy: 30.25%
train_f1:
	airplane: 0.9740791268758527
	automobile: 0.9769585253456222
	bird: 0.9436435124508519
	cat: 0.9382716049382717
	deer: 0.9496598639455782
	dog: 0.9498525073746313
	frog: 0.9666666666666667
	horse: 0.9944134078212291
	ship: 0.9880159786950732
	truck: 0.9834254143646409
val_f1:
	airplane: 0.3191489361702128
	automobile: 0.3764705882352941
	bird: 0.17073170731707316
	cat: 0.2058823529411765
	deer: 0.24742268041237114
	dog: 0.24390243902439024
	frog: 0.379746835443038
	horse: 0.34285714285714286
	ship: 0.3733333333333333
	truck: 0.3823529411764706
==================== Fold 8 ====================
Finished in 58.65 seconds
train_accuracy: 95.97%	val_accuracy: 30.5%
train_f1:
	airplane: 0.9511854951185496
	automobile: 0.9838472834067548
	bird: 0.9224704336399475
	cat: 0.9315476190476191
	deer: 0.9425901201602136
	dog: 0.9576642335766423
	frog: 0.9651612903225806
	horse: 0.9942363112391931
	ship: 0.9628647214854111
	truck: 0.9887640449438202
val_f1:
	airplane: 0.29473684210526313
	automobile: 0.25
	bird: 0.2988505747126437
	cat: 0.20408163265306123
	deer: 0.28571428571428575
	dog: 0.31999999999999995
	frog: 0.21621621621621623
	horse: 0.2898550724637681
	ship: 0.47222222222222227
	truck: 0.43902439024390244
==================== Fold 9 ====================
Finished in 52.26 seconds
train_accuracy: 96.92%	val_accuracy: 31.0%
train_f1:
	airplane: 0.9695290858725761
	automobile: 0.9912023460410556
	bird: 0.9469387755102041
	cat: 0.9346590909090909
	deer: 0.9513513513513513
	dog: 0.9591836734693877
	frog: 0.9658792650918636
	horse: 1.0
	ship: 0.9826435246995994
	truck: 0.9916666666666667
val_f1:
	airplane: 0.22471910112359547
	automobile: 0.24324324324324323
	bird: 0.33333333333333337
	cat: 0.34567901234567905
	deer: 0.37209302325581395
	dog: 0.1951219512195122
	frog: 0.3098591549295775
	horse: 0.3287671232876712
	ship: 0.46913580246913583
	truck: 0.2622950819672131
==================== Fold 10 ====================
Finished in 67.61 seconds
train_accuracy: 95.83%	val_accuracy: 28.75%
train_f1:
	airplane: 0.9592391304347826
	automobile: 0.9802731411229135
	bird: 0.9442970822281167
	cat: 0.9228571428571429
	deer: 0.9393939393939393
	dog: 0.9433962264150945
	frog: 0.9500674763832658
	horse: 0.9889502762430938
	ship: 0.9708222811671087
	truck: 0.9846582984658299
val_f1:
	airplane: 0.1914893617021277
	automobile: 0.37894736842105264
	bird: 0.23157894736842108
	cat: 0.20253164556962025
	deer: 0.3614457831325301
	dog: 0.25974025974025977
	frog: 0.31168831168831174
	horse: 0.28070175438596495
	ship: 0.4266666666666667
	truck: 0.23529411764705882
********************

Average F1-Score:
	airplane: 0.287532784484519
	automobile: 0.314412651889432
	bird: 0.23939439731612736
	cat: 0.20352082012424808
	deer: 0.2766598271158728
	dog: 0.22035372406473558
	frog: 0.3151749481561051
	horse: 0.32355613255509336
	ship: 0.42492485473136654
	truck: 0.3297712630614078

Average Accuracy: 29.28

>>>>>>>>Training SVM on 30% dimensions PCA...

==================== Fold 1 ====================
Finished in 27.07 seconds
train_accuracy: 100.0%	val_accuracy: 28.0%
train_f1:
	airplane: 1.0
	automobile: 1.0
	bird: 1.0
	cat: 1.0
	deer: 1.0
	dog: 1.0
	frog: 1.0
	horse: 1.0
	ship: 1.0
	truck: 1.0
val_f1:
	airplane: 0.26373626373626374
	automobile: 0.26506024096385544
	bird: 0.12658227848101264
	cat: 0.23076923076923078
	deer: 0.288659793814433
	dog: 0.2564102564102564
	frog: 0.26865671641791045
	horse: 0.33333333333333337
	ship: 0.43181818181818177
	truck: 0.32876712328767116
==================== Fold 2 ====================
Finished in 27.64 seconds
train_accuracy: 100.0%	val_accuracy: 29.0%
train_f1:
	airplane: 1.0
	automobile: 1.0
	bird: 1.0
	cat: 1.0
	deer: 1.0
	dog: 1.0
	frog: 1.0
	horse: 1.0
	ship: 1.0
	truck: 1.0
val_f1:
	airplane: 0.2650602409638554
	automobile: 0.3561643835616438
	bird: 0.27956989247311825
	cat: 0.17582417582417584
	deer: 0.2745098039215686
	dog: 0.28571428571428575
	frog: 0.28571428571428575
	horse: 0.3661971830985915
	ship: 0.4000000000000001
	truck: 0.21818181818181817
==================== Fold 3 ====================
Finished in 27.0 seconds
train_accuracy: 100.0%	val_accuracy: 28.5%
train_f1:
	airplane: 1.0
	automobile: 1.0
	bird: 1.0
	cat: 1.0
	deer: 1.0
	dog: 1.0
	frog: 1.0
	horse: 1.0
	ship: 1.0
	truck: 1.0
val_f1:
	airplane: 0.34782608695652173
	automobile: 0.2898550724637681
	bird: 0.2173913043478261
	cat: 0.1797752808988764
	deer: 0.19999999999999998
	dog: 0.20253164556962025
	frog: 0.27027027027027023
	horse: 0.37333333333333335
	ship: 0.48101265822784806
	truck: 0.29629629629629634
==================== Fold 4 ====================
Finished in 27.01 seconds
train_accuracy: 100.0%	val_accuracy: 29.25%
train_f1:
	airplane: 1.0
	automobile: 1.0
	bird: 1.0
	cat: 1.0
	deer: 1.0
	dog: 1.0
	frog: 1.0
	horse: 1.0
	ship: 1.0
	truck: 1.0
val_f1:
	airplane: 0.3829787234042554
	automobile: 0.2769230769230769
	bird: 0.24299065420560748
	cat: 0.23255813953488372
	deer: 0.2826086956521739
	dog: 0.11764705882352941
	frog: 0.23076923076923075
	horse: 0.3880597014925373
	ship: 0.41025641025641024
	truck: 0.36923076923076925
==================== Fold 5 ====================
Finished in 27.18 seconds
train_accuracy: 100.0%	val_accuracy: 30.25%
train_f1:
	airplane: 1.0
	automobile: 1.0
	bird: 1.0
	cat: 1.0
	deer: 1.0
	dog: 1.0
	frog: 1.0
	horse: 1.0
	ship: 1.0
	truck: 1.0
val_f1:
	airplane: 0.276595744680851
	automobile: 0.2424242424242424
	bird: 0.32075471698113206
	cat: 0.14285714285714282
	deer: 0.3373493975903615
	dog: 0.2535211267605634
	frog: 0.28571428571428575
	horse: 0.3235294117647059
	ship: 0.5
	truck: 0.3283582089552239
==================== Fold 6 ====================
Finished in 26.96 seconds
train_accuracy: 100.0%	val_accuracy: 28.75%
train_f1:
	airplane: 1.0
	automobile: 1.0
	bird: 1.0
	cat: 1.0
	deer: 1.0
	dog: 1.0
	frog: 1.0
	horse: 1.0
	ship: 1.0
	truck: 1.0
val_f1:
	airplane: 0.35
	automobile: 0.42857142857142855
	bird: 0.23529411764705882
	cat: 0.13953488372093023
	deer: 0.24691358024691357
	dog: 0.20289855072463767
	frog: 0.27027027027027023
	horse: 0.28125
	ship: 0.4096385542168674
	truck: 0.3116883116883117
==================== Fold 7 ====================
Finished in 26.67 seconds
train_accuracy: 100.0%	val_accuracy: 29.25%
train_f1:
	airplane: 1.0
	automobile: 1.0
	bird: 1.0
	cat: 1.0
	deer: 1.0
	dog: 1.0
	frog: 1.0
	horse: 1.0
	ship: 1.0
	truck: 1.0
val_f1:
	airplane: 0.2954545454545454
	automobile: 0.35714285714285715
	bird: 0.22222222222222224
	cat: 0.23076923076923078
	deer: 0.2
	dog: 0.25316455696202533
	frog: 0.31168831168831174
	horse: 0.29850746268656714
	ship: 0.39473684210526316
	truck: 0.39436619718309857
==================== Fold 8 ====================
Finished in 27.24 seconds
train_accuracy: 100.0%	val_accuracy: 31.0%
train_f1:
	airplane: 1.0
	automobile: 1.0
	bird: 1.0
	cat: 1.0
	deer: 1.0
	dog: 1.0
	frog: 1.0
	horse: 1.0
	ship: 1.0
	truck: 1.0
val_f1:
	airplane: 0.2828282828282829
	automobile: 0.36065573770491804
	bird: 0.2988505747126437
	cat: 0.22222222222222224
	deer: 0.2682926829268293
	dog: 0.28205128205128205
	frog: 0.3055555555555555
	horse: 0.2571428571428571
	ship: 0.4383561643835616
	truck: 0.4303797468354431
==================== Fold 9 ====================
Finished in 26.67 seconds
train_accuracy: 100.0%	val_accuracy: 27.0%
train_f1:
	airplane: 1.0
	automobile: 1.0
	bird: 1.0
	cat: 1.0
	deer: 1.0
	dog: 1.0
	frog: 1.0
	horse: 1.0
	ship: 1.0
	truck: 1.0
val_f1:
	airplane: 0.26373626373626374
	automobile: 0.3188405797101449
	bird: 0.34951456310679613
	cat: 0.1627906976744186
	deer: 0.275
	dog: 0.07407407407407407
	frog: 0.21538461538461537
	horse: 0.3287671232876712
	ship: 0.380952380952381
	truck: 0.3235294117647059
==================== Fold 10 ====================
Finished in 27.35 seconds
train_accuracy: 100.0%	val_accuracy: 28.0%
train_f1:
	airplane: 1.0
	automobile: 1.0
	bird: 1.0
	cat: 1.0
	deer: 1.0
	dog: 1.0
	frog: 1.0
	horse: 1.0
	ship: 1.0
	truck: 1.0
val_f1:
	airplane: 0.21276595744680848
	automobile: 0.3095238095238095
	bird: 0.20224719101123595
	cat: 0.24390243902439024
	deer: 0.29545454545454547
	dog: 0.2750000000000001
	frog: 0.26666666666666666
	horse: 0.339622641509434
	ship: 0.3846153846153847
	truck: 0.3116883116883117
********************

Average F1-Score:
	airplane: 0.29409821092076477
	automobile: 0.32051614289897445
	bird: 0.24954175151886537
	cat: 0.19610034432955017
	deer: 0.2668788499606825
	dog: 0.2203012837090274
	frog: 0.27106902084514023
	horse: 0.3289743047649031
	ship: 0.4231386576575898
	truck: 0.331248619511165

Average Accuracy: 28.9

>>>>>>>>Training SVM on 50% dimensions PCA...

==================== Fold 1 ====================
Finished in 44.17 seconds
train_accuracy: 100.0%	val_accuracy: 28.0%
train_f1:
	airplane: 1.0
	automobile: 1.0
	bird: 1.0
	cat: 1.0
	deer: 1.0
	dog: 1.0
	frog: 1.0
	horse: 1.0
	ship: 1.0
	truck: 1.0
val_f1:
	airplane: 0.3010752688172043
	automobile: 0.2682926829268293
	bird: 0.10126582278481013
	cat: 0.2631578947368421
	deer: 0.3010752688172043
	dog: 0.2222222222222222
	frog: 0.2857142857142857
	horse: 0.28125
	ship: 0.40449438202247195
	truck: 0.3561643835616438
==================== Fold 2 ====================
Finished in 44.57 seconds
train_accuracy: 100.0%	val_accuracy: 29.75%
train_f1:
	airplane: 1.0
	automobile: 1.0
	bird: 1.0
	cat: 1.0
	deer: 1.0
	dog: 1.0
	frog: 1.0
	horse: 1.0
	ship: 1.0
	truck: 1.0
val_f1:
	airplane: 0.2716049382716049
	automobile: 0.3888888888888889
	bird: 0.2708333333333333
	cat: 0.2
	deer: 0.24242424242424243
	dog: 0.3076923076923077
	frog: 0.32098765432098764
	horse: 0.34285714285714286
	ship: 0.42696629213483145
	truck: 0.2105263157894737
==================== Fold 3 ====================
Finished in 44.95 seconds
train_accuracy: 100.0%	val_accuracy: 27.75%
train_f1:
	airplane: 1.0
	automobile: 1.0
	bird: 1.0
	cat: 1.0
	deer: 1.0
	dog: 1.0
	frog: 1.0
	horse: 1.0
	ship: 1.0
	truck: 1.0
val_f1:
	airplane: 0.3829787234042554
	automobile: 0.28571428571428575
	bird: 0.20618556701030927
	cat: 0.16091954022988506
	deer: 0.15625
	dog: 0.19753086419753083
	frog: 0.21917808219178084
	horse: 0.37837837837837834
	ship: 0.47500000000000003
	truck: 0.3
==================== Fold 4 ====================
Finished in 44.37 seconds
train_accuracy: 100.0%	val_accuracy: 29.75%
train_f1:
	airplane: 1.0
	automobile: 1.0
	bird: 1.0
	cat: 1.0
	deer: 1.0
	dog: 1.0
	frog: 1.0
	horse: 1.0
	ship: 1.0
	truck: 1.0
val_f1:
	airplane: 0.3829787234042554
	automobile: 0.27272727272727276
	bird: 0.23300970873786409
	cat: 0.23255813953488372
	deer: 0.3368421052631579
	dog: 0.12121212121212122
	frog: 0.25974025974025977
	horse: 0.4117647058823529
	ship: 0.37500000000000006
	truck: 0.3384615384615384
==================== Fold 5 ====================
Finished in 44.32 seconds
train_accuracy: 100.0%	val_accuracy: 30.75%
train_f1:
	airplane: 1.0
	automobile: 1.0
	bird: 1.0
	cat: 1.0
	deer: 1.0
	dog: 1.0
	frog: 1.0
	horse: 1.0
	ship: 1.0
	truck: 1.0
val_f1:
	airplane: 0.23157894736842105
	automobile: 0.31250000000000006
	bird: 0.35849056603773594
	cat: 0.14117647058823526
	deer: 0.3132530120481928
	dog: 0.25
	frog: 0.29333333333333333
	horse: 0.39436619718309857
	ship: 0.5116279069767442
	truck: 0.25396825396825395
==================== Fold 6 ====================
Finished in 45.32 seconds
train_accuracy: 100.0%	val_accuracy: 28.25%
train_f1:
	airplane: 1.0
	automobile: 1.0
	bird: 1.0
	cat: 1.0
	deer: 1.0
	dog: 1.0
	frog: 1.0
	horse: 1.0
	ship: 1.0
	truck: 1.0
val_f1:
	airplane: 0.34146341463414637
	automobile: 0.4597701149425288
	bird: 0.21782178217821782
	cat: 0.11627906976744186
	deer: 0.22222222222222224
	dog: 0.1739130434782609
	frog: 0.3013698630136986
	horse: 0.27272727272727276
	ship: 0.42500000000000004
	truck: 0.2933333333333334
==================== Fold 7 ====================
Finished in 44.04 seconds
train_accuracy: 100.0%	val_accuracy: 28.0%
train_f1:
	airplane: 1.0
	automobile: 1.0
	bird: 1.0
	cat: 1.0
	deer: 1.0
	dog: 1.0
	frog: 1.0
	horse: 1.0
	ship: 1.0
	truck: 1.0
val_f1:
	airplane: 0.31460674157303375
	automobile: 0.375
	bird: 0.2247191011235955
	cat: 0.2222222222222222
	deer: 0.21739130434782608
	dog: 0.20512820512820512
	frog: 0.24
	horse: 0.26865671641791045
	ship: 0.358974358974359
	truck: 0.39436619718309857
==================== Fold 8 ====================
Finished in 44.15 seconds
train_accuracy: 100.0%	val_accuracy: 32.5%
train_f1:
	airplane: 1.0
	automobile: 1.0
	bird: 1.0
	cat: 1.0
	deer: 1.0
	dog: 1.0
	frog: 1.0
	horse: 1.0
	ship: 1.0
	truck: 1.0
val_f1:
	airplane: 0.29473684210526313
	automobile: 0.4067796610169491
	bird: 0.30434782608695654
	cat: 0.2626262626262626
	deer: 0.24691358024691357
	dog: 0.3076923076923077
	frog: 0.31884057971014496
	horse: 0.2777777777777778
	ship: 0.45333333333333337
	truck: 0.425
==================== Fold 9 ====================
Finished in 44.27 seconds
train_accuracy: 100.0%	val_accuracy: 27.25%
train_f1:
	airplane: 1.0
	automobile: 1.0
	bird: 1.0
	cat: 1.0
	deer: 1.0
	dog: 1.0
	frog: 1.0
	horse: 1.0
	ship: 1.0
	truck: 1.0
val_f1:
	airplane: 0.2553191489361702
	automobile: 0.276923076923077
	bird: 0.3269230769230769
	cat: 0.2068965517241379
	deer: 0.30952380952380953
	dog: 0.12345679012345678
	frog: 0.21538461538461537
	horse: 0.33333333333333337
	ship: 0.3658536585365854
	truck: 0.30303030303030304
==================== Fold 10 ====================
Finished in 43.87 seconds
train_accuracy: 100.0%	val_accuracy: 27.5%
train_f1:
	airplane: 1.0
	automobile: 1.0
	bird: 1.0
	cat: 1.0
	deer: 1.0
	dog: 1.0
	frog: 1.0
	horse: 1.0
	ship: 1.0
	truck: 1.0
val_f1:
	airplane: 0.19999999999999998
	automobile: 0.32499999999999996
	bird: 0.23655913978494622
	cat: 0.21428571428571427
	deer: 0.2891566265060241
	dog: 0.25974025974025977
	frog: 0.27397260273972607
	horse: 0.3636363636363637
	ship: 0.33333333333333337
	truck: 0.3116883116883117
********************

Average F1-Score:
	airplane: 0.29763427485143545
	automobile: 0.3371595983139831
	bird: 0.24801559240008456
	cat: 0.2020121865715625
	deer: 0.26350521713995934
	dog: 0.21685881214866726
	frog: 0.27285212761488326
	horse: 0.3324747888193631
	ship: 0.41295832653116593
	truck: 0.31865386370159565

Average Accuracy: 28.95

>>>>>>>>Training SVM on 70% dimensions PCA...

==================== Fold 1 ====================
Finished in 61.28 seconds
train_accuracy: 100.0%	val_accuracy: 27.75%
train_f1:
	airplane: 1.0
	automobile: 1.0
	bird: 1.0
	cat: 1.0
	deer: 1.0
	dog: 1.0
	frog: 1.0
	horse: 1.0
	ship: 1.0
	truck: 1.0
val_f1:
	airplane: 0.27956989247311825
	automobile: 0.275
	bird: 0.10126582278481013
	cat: 0.25641025641025644
	deer: 0.2826086956521739
	dog: 0.22499999999999998
	frog: 0.2857142857142857
	horse: 0.30303030303030304
	ship: 0.40449438202247195
	truck: 0.3561643835616438
==================== Fold 2 ====================
Finished in 62.64 seconds
train_accuracy: 100.0%	val_accuracy: 30.75%
train_f1:
	airplane: 1.0
	automobile: 1.0
	bird: 1.0
	cat: 1.0
	deer: 1.0
	dog: 1.0
	frog: 1.0
	horse: 1.0
	ship: 1.0
	truck: 1.0
val_f1:
	airplane: 0.2716049382716049
	automobile: 0.3888888888888889
	bird: 0.30927835051546393
	cat: 0.20224719101123598
	deer: 0.28571428571428575
	dog: 0.30303030303030304
	frog: 0.32098765432098764
	horse: 0.34285714285714286
	ship: 0.42696629213483145
	truck: 0.2105263157894737
==================== Fold 3 ====================
Finished in 62.92 seconds
train_accuracy: 100.0%	val_accuracy: 28.5%
train_f1:
	airplane: 1.0
	automobile: 1.0
	bird: 1.0
	cat: 1.0
	deer: 1.0
	dog: 1.0
	frog: 1.0
	horse: 1.0
	ship: 1.0
	truck: 1.0
val_f1:
	airplane: 0.391304347826087
	automobile: 0.2898550724637681
	bird: 0.22222222222222224
	cat: 0.1839080459770115
	deer: 0.15384615384615385
	dog: 0.19753086419753083
	frog: 0.2162162162162162
	horse: 0.4054054054054054
	ship: 0.47500000000000003
	truck: 0.30379746835443033
==================== Fold 4 ====================
Finished in 67.77 seconds
train_accuracy: 100.0%	val_accuracy: 30.0%
train_f1:
	airplane: 1.0
	automobile: 1.0
	bird: 1.0
	cat: 1.0
	deer: 1.0
	dog: 1.0
	frog: 1.0
	horse: 1.0
	ship: 1.0
	truck: 1.0
val_f1:
	airplane: 0.3829787234042554
	automobile: 0.2769230769230769
	bird: 0.23300970873786409
	cat: 0.23255813953488372
	deer: 0.3368421052631579
	dog: 0.12121212121212122
	frog: 0.25974025974025977
	horse: 0.4117647058823529
	ship: 0.37500000000000006
	truck: 0.3636363636363636
==================== Fold 5 ====================
Finished in 63.35 seconds
train_accuracy: 100.0%	val_accuracy: 31.5%
train_f1:
	airplane: 1.0
	automobile: 1.0
	bird: 1.0
	cat: 1.0
	deer: 1.0
	dog: 1.0
	frog: 1.0
	horse: 1.0
	ship: 1.0
	truck: 1.0
val_f1:
	airplane: 0.23157894736842105
	automobile: 0.31250000000000006
	bird: 0.37037037037037035
	cat: 0.14285714285714282
	deer: 0.3333333333333333
	dog: 0.25
	frog: 0.29333333333333333
	horse: 0.40579710144927533
	ship: 0.5176470588235295
	truck: 0.28125000000000006
==================== Fold 6 ====================
Finished in 62.02 seconds
train_accuracy: 100.0%	val_accuracy: 28.5%
train_f1:
	airplane: 1.0
	automobile: 1.0
	bird: 1.0
	cat: 1.0
	deer: 1.0
	dog: 1.0
	frog: 1.0
	horse: 1.0
	ship: 1.0
	truck: 1.0
val_f1:
	airplane: 0.345679012345679
	automobile: 0.4597701149425288
	bird: 0.23300970873786406
	cat: 0.1176470588235294
	deer: 0.225
	dog: 0.1739130434782609
	frog: 0.3013698630136986
	horse: 0.26865671641791045
	ship: 0.42500000000000004
	truck: 0.2933333333333334
==================== Fold 7 ====================
Finished in 62.34 seconds
train_accuracy: 100.0%	val_accuracy: 28.75%
train_f1:
	airplane: 1.0
	automobile: 1.0
	bird: 1.0
	cat: 1.0
	deer: 1.0
	dog: 1.0
	frog: 1.0
	horse: 1.0
	ship: 1.0
	truck: 1.0
val_f1:
	airplane: 0.3516483516483517
	automobile: 0.3614457831325302
	bird: 0.20930232558139536
	cat: 0.2222222222222222
	deer: 0.21739130434782608
	dog: 0.2077922077922078
	frog: 0.28571428571428575
	horse: 0.26865671641791045
	ship: 0.36363636363636365
	truck: 0.40579710144927533
==================== Fold 8 ====================
Finished in 62.28 seconds
train_accuracy: 100.0%	val_accuracy: 32.0%
train_f1:
	airplane: 1.0
	automobile: 1.0
	bird: 1.0
	cat: 1.0
	deer: 1.0
	dog: 1.0
	frog: 1.0
	horse: 1.0
	ship: 1.0
	truck: 1.0
val_f1:
	airplane: 0.2916666666666667
	automobile: 0.4067796610169491
	bird: 0.30434782608695654
	cat: 0.24489795918367346
	deer: 0.24691358024691357
	dog: 0.3076923076923077
	frog: 0.3142857142857143
	horse: 0.2777777777777778
	ship: 0.43243243243243246
	truck: 0.425
==================== Fold 9 ====================
Finished in 61.47 seconds
train_accuracy: 100.0%	val_accuracy: 27.75%
train_f1:
	airplane: 1.0
	automobile: 1.0
	bird: 1.0
	cat: 1.0
	deer: 1.0
	dog: 1.0
	frog: 1.0
	horse: 1.0
	ship: 1.0
	truck: 1.0
val_f1:
	airplane: 0.2580645161290323
	automobile: 0.3076923076923077
	bird: 0.3238095238095238
	cat: 0.20930232558139536
	deer: 0.3132530120481928
	dog: 0.12195121951219512
	frog: 0.21538461538461537
	horse: 0.3287671232876712
	ship: 0.3950617283950617
	truck: 0.29850746268656714
==================== Fold 10 ====================
Finished in 61.51 seconds
train_accuracy: 100.0%	val_accuracy: 27.75%
train_f1:
	airplane: 1.0
	automobile: 1.0
	bird: 1.0
	cat: 1.0
	deer: 1.0
	dog: 1.0
	frog: 1.0
	horse: 1.0
	ship: 1.0
	truck: 1.0
val_f1:
	airplane: 0.20618556701030927
	automobile: 0.31707317073170727
	bird: 0.23655913978494622
	cat: 0.21176470588235297
	deer: 0.28571428571428564
	dog: 0.27027027027027023
	frog: 0.27027027027027023
	horse: 0.3636363636363637
	ship: 0.3544303797468354
	truck: 0.3116883116883117
********************

Average F1-Score:
	airplane: 0.30102809631435257
	automobile: 0.3395928075791757
	bird: 0.2543174998631416
	cat: 0.20238150474837036
	deer: 0.26806167561663224
	dog: 0.2178392337185197
	frog: 0.2763016497993667
	horse: 0.3376349356162113
	ship: 0.4169668637191526
	truck: 0.3249700740499399

Average Accuracy: 29.32

>>>>>>>>Training SVM on 100% dimensions PCA...

==================== Fold 1 ====================
Finished in 88.36 seconds
train_accuracy: 100.0%	val_accuracy: 27.75%
train_f1:
	airplane: 1.0
	automobile: 1.0
	bird: 1.0
	cat: 1.0
	deer: 1.0
	dog: 1.0
	frog: 1.0
	horse: 1.0
	ship: 1.0
	truck: 1.0
val_f1:
	airplane: 0.27956989247311825
	automobile: 0.275
	bird: 0.10126582278481013
	cat: 0.25641025641025644
	deer: 0.2826086956521739
	dog: 0.22499999999999998
	frog: 0.2857142857142857
	horse: 0.30303030303030304
	ship: 0.40449438202247195
	truck: 0.3561643835616438
==================== Fold 2 ====================
Finished in 88.19 seconds
train_accuracy: 100.0%	val_accuracy: 30.75%
train_f1:
	airplane: 1.0
	automobile: 1.0
	bird: 1.0
	cat: 1.0
	deer: 1.0
	dog: 1.0
	frog: 1.0
	horse: 1.0
	ship: 1.0
	truck: 1.0
val_f1:
	airplane: 0.2716049382716049
	automobile: 0.3888888888888889
	bird: 0.30927835051546393
	cat: 0.20224719101123598
	deer: 0.28571428571428575
	dog: 0.30303030303030304
	frog: 0.32098765432098764
	horse: 0.34285714285714286
	ship: 0.42696629213483145
	truck: 0.2105263157894737
==================== Fold 3 ====================
Finished in 89.84 seconds
train_accuracy: 100.0%	val_accuracy: 28.5%
train_f1:
	airplane: 1.0
	automobile: 1.0
	bird: 1.0
	cat: 1.0
	deer: 1.0
	dog: 1.0
	frog: 1.0
	horse: 1.0
	ship: 1.0
	truck: 1.0
val_f1:
	airplane: 0.391304347826087
	automobile: 0.2898550724637681
	bird: 0.22222222222222224
	cat: 0.1839080459770115
	deer: 0.15384615384615385
	dog: 0.19753086419753083
	frog: 0.2162162162162162
	horse: 0.4054054054054054
	ship: 0.47500000000000003
	truck: 0.30379746835443033
==================== Fold 4 ====================
Finished in 87.96 seconds
train_accuracy: 100.0%	val_accuracy: 29.75%
train_f1:
	airplane: 1.0
	automobile: 1.0
	bird: 1.0
	cat: 1.0
	deer: 1.0
	dog: 1.0
	frog: 1.0
	horse: 1.0
	ship: 1.0
	truck: 1.0
val_f1:
	airplane: 0.3829787234042554
	automobile: 0.26865671641791045
	bird: 0.23529411764705882
	cat: 0.23255813953488372
	deer: 0.3368421052631579
	dog: 0.12121212121212122
	frog: 0.25974025974025977
	horse: 0.3880597014925373
	ship: 0.37500000000000006
	truck: 0.3636363636363636
==================== Fold 5 ====================
Finished in 88.83 seconds
train_accuracy: 100.0%	val_accuracy: 31.25%
train_f1:
	airplane: 1.0
	automobile: 1.0
	bird: 1.0
	cat: 1.0
	deer: 1.0
	dog: 1.0
	frog: 1.0
	horse: 1.0
	ship: 1.0
	truck: 1.0
val_f1:
	airplane: 0.23157894736842105
	automobile: 0.31250000000000006
	bird: 0.37037037037037035
	cat: 0.14285714285714282
	deer: 0.3132530120481928
	dog: 0.2465753424657534
	frog: 0.29333333333333333
	horse: 0.40579710144927533
	ship: 0.5176470588235295
	truck: 0.28125000000000006
==================== Fold 6 ====================
Finished in 87.99 seconds
train_accuracy: 100.0%	val_accuracy: 28.5%
train_f1:
	airplane: 1.0
	automobile: 1.0
	bird: 1.0
	cat: 1.0
	deer: 1.0
	dog: 1.0
	frog: 1.0
	horse: 1.0
	ship: 1.0
	truck: 1.0
val_f1:
	airplane: 0.34146341463414637
	automobile: 0.4597701149425288
	bird: 0.23300970873786406
	cat: 0.1176470588235294
	deer: 0.225
	dog: 0.1739130434782609
	frog: 0.3013698630136986
	horse: 0.27272727272727276
	ship: 0.42500000000000004
	truck: 0.2933333333333334
==================== Fold 7 ====================
Finished in 88.02 seconds
train_accuracy: 100.0%	val_accuracy: 28.75%
train_f1:
	airplane: 1.0
	automobile: 1.0
	bird: 1.0
	cat: 1.0
	deer: 1.0
	dog: 1.0
	frog: 1.0
	horse: 1.0
	ship: 1.0
	truck: 1.0
val_f1:
	airplane: 0.3516483516483517
	automobile: 0.3614457831325302
	bird: 0.20930232558139536
	cat: 0.2222222222222222
	deer: 0.21739130434782608
	dog: 0.2077922077922078
	frog: 0.28571428571428575
	horse: 0.26865671641791045
	ship: 0.36363636363636365
	truck: 0.40579710144927533
==================== Fold 8 ====================
Finished in 87.81 seconds
train_accuracy: 100.0%	val_accuracy: 32.0%
train_f1:
	airplane: 1.0
	automobile: 1.0
	bird: 1.0
	cat: 1.0
	deer: 1.0
	dog: 1.0
	frog: 1.0
	horse: 1.0
	ship: 1.0
	truck: 1.0
val_f1:
	airplane: 0.288659793814433
	automobile: 0.39999999999999997
	bird: 0.30434782608695654
	cat: 0.24742268041237112
	deer: 0.24691358024691357
	dog: 0.3076923076923077
	frog: 0.3142857142857143
	horse: 0.2777777777777778
	ship: 0.4383561643835616
	truck: 0.425
==================== Fold 9 ====================
Finished in 87.46 seconds
train_accuracy: 100.0%	val_accuracy: 28.0%
train_f1:
	airplane: 1.0
	automobile: 1.0
	bird: 1.0
	cat: 1.0
	deer: 1.0
	dog: 1.0
	frog: 1.0
	horse: 1.0
	ship: 1.0
	truck: 1.0
val_f1:
	airplane: 0.2580645161290323
	automobile: 0.3076923076923077
	bird: 0.3269230769230769
	cat: 0.20930232558139536
	deer: 0.3132530120481928
	dog: 0.12195121951219512
	frog: 0.21538461538461537
	horse: 0.3287671232876712
	ship: 0.41463414634146334
	truck: 0.29850746268656714
==================== Fold 10 ====================
Finished in 87.2 seconds
train_accuracy: 100.0%	val_accuracy: 27.75%
train_f1:
	airplane: 1.0
	automobile: 1.0
	bird: 1.0
	cat: 1.0
	deer: 1.0
	dog: 1.0
	frog: 1.0
	horse: 1.0
	ship: 1.0
	truck: 1.0
val_f1:
	airplane: 0.20618556701030927
	automobile: 0.31707317073170727
	bird: 0.23655913978494622
	cat: 0.21176470588235297
	deer: 0.28571428571428564
	dog: 0.273972602739726
	frog: 0.26666666666666666
	horse: 0.3636363636363637
	ship: 0.3544303797468354
	truck: 0.3116883116883117
********************

Average F1-Score:
	airplane: 0.30030584925797593
	automobile: 0.33808820542696416
	bird: 0.2548572960654164
	cat: 0.20263397687124013
	deer: 0.2660536434881183
	dog: 0.21786700121204064
	frog: 0.27594128943900637
	horse: 0.335671490808166
	ship: 0.41951647870890574
	truck: 0.3249700740499399

Average Accuracy: 29.3
>>>>>>>>>> 10% PCA dimensions
Test F1-Score:
	airplane: 0.3130434782608696
	automobile: 0.31999999999999995
	bird: 0.1909090909090909
	cat: 0.17699115044247785
	deer: 0.24390243902439024
	dog: 0.12222222222222222
	frog: 0.2702702702702703
	horse: 0.29069767441860467
	ship: 0.31632653061224486
	truck: 0.3548387096774193
Test Accuracy:
	25.9%
>>>>>>>>>> 30% PCA dimensions
Test F1-Score:
	airplane: 0.3291139240506329
	automobile: 0.4086021505376344
	bird: 0.20353982300884954
	cat: 0.19642857142857142
	deer: 0.2648401826484018
	dog: 0.17751479289940827
	frog: 0.34554973821989526
	horse: 0.3026315789473684
	ship: 0.3942307692307692
	truck: 0.3723404255319149
Test Accuracy:
	29.8%
>>>>>>>>>> 50% PCA dimensions
Test F1-Score:
	airplane: 0.3319148936170213
	automobile: 0.3910614525139665
	bird: 0.21008403361344538
	cat: 0.16666666666666666
	deer: 0.2870813397129186
	dog: 0.16853932584269662
	frog: 0.3368421052631579
	horse: 0.3184713375796178
	ship: 0.39234449760765555
	truck: 0.3703703703703704
Test Accuracy:
	29.5%
>>>>>>>>>> 70% PCA dimensions
Test F1-Score:
	airplane: 0.33476394849785407
	automobile: 0.3867403314917128
	bird: 0.1940928270042194
	cat: 0.1643835616438356
	deer: 0.28985507246376807
	dog: 0.16483516483516483
	frog: 0.32978723404255317
	horse: 0.3417721518987342
	ship: 0.3961352657004831
	truck: 0.36170212765957455
Test Accuracy:
	29.3%
>>>>>>>>>> 100% PCA dimensions
Test F1-Score:
	airplane: 0.33476394849785407
	automobile: 0.3867403314917128
	bird: 0.1940928270042194
	cat: 0.17272727272727273
	deer: 0.2912621359223301
	dog: 0.16483516483516483
	frog: 0.32978723404255317
	horse: 0.3417721518987342
	ship: 0.3961352657004831
	truck: 0.36170212765957455
Test Accuracy:
	29.4%
===== TASK 2 Q2 : Plot per-class f1 and accuracy =====
===== TASK 2 Q3 : Apply different kernel SVM =====
>>>>>>>>Training SVM on RBF Kernel

==================== Fold 1 ====================
Finished in 89.39 seconds
train_accuracy: 74.28%	val_accuracy: 42.5%
train_f1:
	airplane: 0.745578231292517
	automobile: 0.8191653786707882
	bird: 0.6558265582655826
	cat: 0.7267175572519085
	deer: 0.6467661691542289
	dog: 0.7474747474747473
	frog: 0.7106598984771574
	horse: 0.8
	ship: 0.7860824742268042
	truck: 0.8153409090909091
val_f1:
	airplane: 0.47368421052631576
	automobile: 0.47887323943661975
	bird: 0.15625
	cat: 0.22950819672131148
	deer: 0.4807692307692307
	dog: 0.3013698630136986
	frog: 0.4090909090909091
	horse: 0.4117647058823529
	ship: 0.5925925925925926
	truck: 0.5287356321839081
==================== Fold 2 ====================
Finished in 89.29 seconds
train_accuracy: 74.08%	val_accuracy: 42.0%
train_f1:
	airplane: 0.7476635514018692
	automobile: 0.8269525267993874
	bird: 0.6394366197183098
	cat: 0.7068403908794788
	deer: 0.6464155528554071
	dog: 0.7463556851311953
	frog: 0.7013977128335451
	horse: 0.7903469079939668
	ship: 0.7891332470892626
	truck: 0.8301886792452831
val_f1:
	airplane: 0.40625
	automobile: 0.3880597014925373
	bird: 0.3157894736842105
	cat: 0.2777777777777778
	deer: 0.4536082474226804
	dog: 0.2278481012658228
	frog: 0.5436893203883495
	horse: 0.41176470588235287
	ship: 0.5894736842105263
	truck: 0.48101265822784817
==================== Fold 3 ====================
Finished in 93.09 seconds
train_accuracy: 74.06%	val_accuracy: 43.0%
train_f1:
	airplane: 0.7408450704225351
	automobile: 0.8256880733944955
	bird: 0.6510344827586207
	cat: 0.7133956386292835
	deer: 0.6481927710843374
	dog: 0.7272727272727273
	frog: 0.7134071340713407
	horse: 0.8068006182380215
	ship: 0.7830423940149627
	truck: 0.8200836820083681
val_f1:
	airplane: 0.4155844155844156
	automobile: 0.56
	bird: 0.2926829268292683
	cat: 0.2727272727272727
	deer: 0.3235294117647059
	dog: 0.29629629629629634
	frog: 0.5176470588235293
	horse: 0.48101265822784806
	ship: 0.4835164835164835
	truck: 0.5833333333333334
==================== Fold 4 ====================
Finished in 92.96 seconds
train_accuracy: 74.67%	val_accuracy: 41.25%
train_f1:
	airplane: 0.7460545193687231
	automobile: 0.8204334365325078
	bird: 0.6398852223816356
	cat: 0.7413010590015129
	deer: 0.6567164179104478
	dog: 0.7529411764705883
	frog: 0.7166042446941323
	horse: 0.8012232415902142
	ship: 0.7940813810110975
	truck: 0.8117489986648866
val_f1:
	airplane: 0.46341463414634154
	automobile: 0.5
	bird: 0.27397260273972607
	cat: 0.26666666666666666
	deer: 0.3793103448275862
	dog: 0.42500000000000004
	frog: 0.4242424242424242
	horse: 0.5135135135135135
	ship: 0.3888888888888889
	truck: 0.4722222222222222
==================== Fold 5 ====================
Finished in 93.18 seconds
train_accuracy: 73.69%	val_accuracy: 42.25%
train_f1:
	airplane: 0.7383309759547383
	automobile: 0.8318042813455657
	bird: 0.6286509040333798
	cat: 0.7145135566188198
	deer: 0.6528623629719853
	dog: 0.7406296851574212
	frog: 0.7018404907975461
	horse: 0.791476407914764
	ship: 0.7787610619469026
	truck: 0.8113207547169811
val_f1:
	airplane: 0.35443037974683544
	automobile: 0.5066666666666667
	bird: 0.23076923076923075
	cat: 0.22222222222222218
	deer: 0.37499999999999994
	dog: 0.4225352112676056
	frog: 0.5376344086021505
	horse: 0.4444444444444445
	ship: 0.5882352941176471
	truck: 0.45
==================== Fold 6 ====================
Finished in 92.56 seconds
train_accuracy: 74.19%	val_accuracy: 43.25%
train_f1:
	airplane: 0.7400275103163687
	automobile: 0.8221859706362155
	bird: 0.656338028169014
	cat: 0.7278481012658228
	deer: 0.6329411764705882
	dog: 0.7496339677891655
	frog: 0.7011349306431274
	horse: 0.8137108792846498
	ship: 0.786346396965866
	truck: 0.8219178082191781
val_f1:
	airplane: 0.48648648648648646
	automobile: 0.47619047619047616
	bird: 0.3636363636363636
	cat: 0.28571428571428575
	deer: 0.41237113402061853
	dog: 0.31884057971014496
	frog: 0.45454545454545453
	horse: 0.39999999999999997
	ship: 0.5517241379310345
	truck: 0.5
==================== Fold 7 ====================
Finished in 92.98 seconds
train_accuracy: 74.36%	val_accuracy: 43.25%
train_f1:
	airplane: 0.7372881355932202
	automobile: 0.8112324492979719
	bird: 0.6335227272727273
	cat: 0.7398496240601504
	deer: 0.654632972322503
	dog: 0.7534456355283309
	frog: 0.7055837563451777
	horse: 0.8094534711964548
	ship: 0.789937106918239
	truck: 0.8211382113821138
val_f1:
	airplane: 0.45569620253164556
	automobile: 0.4675324675324676
	bird: 0.2857142857142857
	cat: 0.1694915254237288
	deer: 0.32608695652173914
	dog: 0.39999999999999997
	frog: 0.5806451612903226
	horse: 0.40625
	ship: 0.558139534883721
	truck: 0.5925925925925927
==================== Fold 8 ====================
Finished in 92.8 seconds
train_accuracy: 73.72%	val_accuracy: 42.75%
train_f1:
	airplane: 0.7375886524822695
	automobile: 0.8245877061469266
	bird: 0.6302521008403361
	cat: 0.7123745819397993
	deer: 0.645631067961165
	dog: 0.7409638554216867
	frog: 0.7089201877934272
	horse: 0.7852760736196319
	ship: 0.7855361596009975
	truck: 0.8199445983379502
val_f1:
	airplane: 0.37209302325581395
	automobile: 0.5283018867924528
	bird: 0.35294117647058826
	cat: 0.24
	deer: 0.4578313253012048
	dog: 0.3956043956043956
	frog: 0.3902439024390244
	horse: 0.4594594594594595
	ship: 0.5714285714285715
	truck: 0.5
==================== Fold 9 ====================
Finished in 92.53 seconds
train_accuracy: 73.83%	val_accuracy: 40.75%
train_f1:
	airplane: 0.7388167388167388
	automobile: 0.8188512518409425
	bird: 0.645550527903469
	cat: 0.7142857142857142
	deer: 0.6349583828775266
	dog: 0.7411944869831546
	frog: 0.7028985507246377
	horse: 0.7946428571428571
	ship: 0.7804265997490589
	truck: 0.8273972602739726
val_f1:
	airplane: 0.4324324324324324
	automobile: 0.3859649122807018
	bird: 0.27499999999999997
	cat: 0.34210526315789475
	deer: 0.44
	dog: 0.29333333333333333
	frog: 0.43373493975903615
	horse: 0.4444444444444444
	ship: 0.5625
	truck: 0.41379310344827586
==================== Fold 10 ====================
Finished in 92.61 seconds
train_accuracy: 74.42%	val_accuracy: 42.25%
train_f1:
	airplane: 0.734525447042641
	automobile: 0.8231611893583726
	bird: 0.6580459770114944
	cat: 0.7457627118644067
	deer: 0.6470588235294118
	dog: 0.7322239031770046
	frog: 0.7124999999999999
	horse: 0.8047337278106509
	ship: 0.7844611528822056
	truck: 0.8184281842818427
val_f1:
	airplane: 0.3703703703703704
	automobile: 0.4054054054054054
	bird: 0.28571428571428575
	cat: 0.34782608695652173
	deer: 0.41666666666666663
	dog: 0.43478260869565216
	frog: 0.45652173913043476
	horse: 0.47619047619047616
	ship: 0.5194805194805195
	truck: 0.5052631578947369
********************

Average F1-Score:
	airplane: 0.4230442155080657
	automobile: 0.4696994755797328
	bird: 0.28324703455579586
	cat: 0.2654039297367682
	deer: 0.4065173317294432
	dog: 0.35156103891869495
	frog: 0.4747995318311634
	horse: 0.44488444080448925
	ship: 0.5405979707049985
	truck: 0.5026952699902918

Average Accuracy: 42.32
>>>>>>>>Training SVM on Polynomial Kernel

==================== Fold 1 ====================
Finished in 101.54 seconds
train_accuracy: 72.33%	val_accuracy: 33.75%
train_f1:
	airplane: 0.7777777777777778
	automobile: 0.87248322147651
	bird: 0.6482593037214885
	cat: 0.772344013490725
	deer: 0.49423631123919304
	dog: 0.7843803056027164
	frog: 0.6990595611285267
	horse: 0.787375415282392
	ship: 0.8347826086956522
	truck: 0.8673946957878316
val_f1:
	airplane: 0.49230769230769234
	automobile: 0.39999999999999997
	bird: 0.20253164556962025
	cat: 0.0909090909090909
	deer: 0.3157894736842105
	dog: 0.23255813953488375
	frog: 0.30303030303030304
	horse: 0.29090909090909095
	ship: 0.5684210526315789
	truck: 0.3428571428571428
==================== Fold 2 ====================
Finished in 100.9 seconds
train_accuracy: 73.03%	val_accuracy: 32.5%
train_f1:
	airplane: 0.7777777777777778
	automobile: 0.8745874587458746
	bird: 0.5384615384615384
	cat: 0.767605633802817
	deer: 0.6207565470417071
	dog: 0.7718696397941681
	frog: 0.69826224328594
	horse: 0.7845117845117845
	ship: 0.8243831640058055
	truck: 0.8731563421828907
val_f1:
	airplane: 0.44
	automobile: 0.2448979591836735
	bird: 0.26143790849673204
	cat: 0.15625
	deer: 0.3194444444444444
	dog: 0.1923076923076923
	frog: 0.3684210526315789
	horse: 0.22222222222222224
	ship: 0.5454545454545455
	truck: 0.4406779661016949
==================== Fold 3 ====================
Finished in 100.82 seconds
train_accuracy: 71.25%	val_accuracy: 27.5%
train_f1:
	airplane: 0.7573770491803279
	automobile: 0.8778877887788779
	bird: 0.6159014557670773
	cat: 0.7469458987783595
	deer: 0.5176132278936018
	dog: 0.7400722021660651
	frog: 0.687211093990755
	horse: 0.7535211267605633
	ship: 0.8258426966292135
	truck: 0.8788819875776398
val_f1:
	airplane: 0.3582089552238806
	automobile: 0.31999999999999995
	bird: 0.17543859649122806
	cat: 0.2448979591836735
	deer: 0.25806451612903225
	dog: 0.11320754716981131
	frog: 0.27692307692307694
	horse: 0.19672131147540986
	ship: 0.4137931034482759
	truck: 0.4117647058823529
==================== Fold 4 ====================
Finished in 100.46 seconds
train_accuracy: 72.36%	val_accuracy: 33.75%
train_f1:
	airplane: 0.7586206896551724
	automobile: 0.8708609271523178
	bird: 0.6311360448807853
	cat: 0.7779632721202003
	deer: 0.4812239221140473
	dog: 0.7806563039723662
	frog: 0.7158218125960062
	horse: 0.8106312292358804
	ship: 0.8349514563106796
	truck: 0.8859649122807018
val_f1:
	airplane: 0.4375
	automobile: 0.4814814814814815
	bird: 0.20512820512820512
	cat: 0.360655737704918
	deer: 0.31759656652360513
	dog: 0.17777777777777778
	frog: 0.35294117647058826
	horse: 0.25396825396825395
	ship: 0.46913580246913583
	truck: 0.339622641509434
==================== Fold 5 ====================
Finished in 101.31 seconds
train_accuracy: 71.53%	val_accuracy: 30.75%
train_f1:
	airplane: 0.7679738562091504
	automobile: 0.8811881188118812
	bird: 0.6243243243243243
	cat: 0.7495559502664297
	deer: 0.4834123222748815
	dog: 0.7766323024054983
	frog: 0.6979655712050078
	horse: 0.7821782178217821
	ship: 0.8307254623044097
	truck: 0.880952380952381
val_f1:
	airplane: 0.3142857142857143
	automobile: 0.3728813559322034
	bird: 0.2222222222222222
	cat: 0.14285714285714288
	deer: 0.27450980392156865
	dog: 0.1818181818181818
	frog: 0.42105263157894735
	horse: 0.16666666666666669
	ship: 0.5783132530120482
	truck: 0.3278688524590164
==================== Fold 6 ====================
Finished in 100.34 seconds
train_accuracy: 71.11%	val_accuracy: 29.25%
train_f1:
	airplane: 0.7800312012480499
	automobile: 0.8717047451669595
	bird: 0.6646525679758307
	cat: 0.7724137931034483
	deer: 0.46222791293213833
	dog: 0.7864406779661017
	frog: 0.6666666666666666
	horse: 0.7768595041322314
	ship: 0.8319088319088318
	truck: 0.8731117824773414
val_f1:
	airplane: 0.4067796610169492
	automobile: 0.3235294117647059
	bird: 0.16666666666666666
	cat: 0.1111111111111111
	deer: 0.27118644067796616
	dog: 0.28571428571428564
	frog: 0.28125000000000006
	horse: 0.23076923076923078
	ship: 0.5063291139240507
	truck: 0.3283582089552239
==================== Fold 7 ====================
Finished in 101.66 seconds
train_accuracy: 71.25%	val_accuracy: 33.0%
train_f1:
	airplane: 0.7714748784440844
	automobile: 0.8703071672354948
	bird: 0.6331360946745562
	cat: 0.7719869706840392
	deer: 0.46936114732724904
	dog: 0.7598566308243728
	frog: 0.6621848739495798
	horse: 0.8164556962025317
	ship: 0.8338028169014085
	truck: 0.8790560471976401
val_f1:
	airplane: 0.44827586206896547
	automobile: 0.3728813559322034
	bird: 0.1111111111111111
	cat: 0.19047619047619047
	deer: 0.27312775330396477
	dog: 0.28571428571428575
	frog: 0.31168831168831174
	horse: 0.23076923076923078
	ship: 0.5681818181818182
	truck: 0.5483870967741936
==================== Fold 8 ====================
Finished in 101.06 seconds
train_accuracy: 70.56%	val_accuracy: 33.75%
train_f1:
	airplane: 0.7582781456953643
	automobile: 0.8705501618122978
	bird: 0.636604774535809
	cat: 0.7407407407407407
	deer: 0.4739652870493992
	dog: 0.7504488330341113
	frog: 0.6835066864784547
	horse: 0.7760683760683761
	ship: 0.8240223463687152
	truck: 0.8732824427480916
val_f1:
	airplane: 0.3380281690140845
	automobile: 0.4
	bird: 0.27956989247311825
	cat: 0.24242424242424243
	deer: 0.3115577889447236
	dog: 0.36923076923076914
	frog: 0.26666666666666666
	horse: 0.25
	ship: 0.4444444444444445
	truck: 0.5128205128205129
==================== Fold 9 ====================
Finished in 101.12 seconds
train_accuracy: 70.81%	val_accuracy: 30.0%
train_f1:
	airplane: 0.7697368421052632
	automobile: 0.865814696485623
	bird: 0.6342229199372056
	cat: 0.7565674255691769
	deer: 0.45854922279792737
	dog: 0.7562724014336918
	frog: 0.7069219440353461
	horse: 0.7766666666666666
	ship: 0.8238636363636362
	truck: 0.8855869242199109
val_f1:
	airplane: 0.40625
	automobile: 0.13043478260869565
	bird: 0.13513513513513514
	cat: 0.196078431372549
	deer: 0.2892561983471074
	dog: 0.22641509433962262
	frog: 0.3125
	horse: 0.2758620689655173
	ship: 0.5301204819277109
	truck: 0.4
==================== Fold 10 ====================
Finished in 101.56 seconds
train_accuracy: 72.58%	val_accuracy: 35.75%
train_f1:
	airplane: 0.7738853503184714
	automobile: 0.8752079866888519
	bird: 0.6705370101596516
	cat: 0.7676419965576592
	deer: 0.48252227553118576
	dog: 0.7602131438721136
	frog: 0.7046153846153846
	horse: 0.8093023255813954
	ship: 0.840499306518724
	truck: 0.8868778280542985
val_f1:
	airplane: 0.47058823529411764
	automobile: 0.4848484848484849
	bird: 0.18823529411764706
	cat: 0.23529411764705885
	deer: 0.29896907216494845
	dog: 0.3076923076923077
	frog: 0.40909090909090917
	horse: 0.3333333333333333
	ship: 0.5135135135135135
	truck: 0.4117647058823529
********************

Average F1-Score:
	airplane: 0.41122242892114036
	automobile: 0.35309548317514483
	bird: 0.1947476677411686
	cat: 0.1970954023685977
	deer: 0.2929502058141571
	dog: 0.2372436081299618
	frog: 0.3303564128080382
	horse: 0.24512214090789558
	ship: 0.5137707129007122
	truck: 0.40641218332419243

Average Accuracy: 32.0
>>>>>>>>>> RBF Kernel
Test F1-Score:
	airplane: 0.5294117647058824
	automobile: 0.47398843930635837
	bird: 0.3368421052631579
	cat: 0.26285714285714284
	deer: 0.3913043478260869
	dog: 0.391304347826087
	frog: 0.4886877828054299
	horse: 0.4342857142857143
	ship: 0.4845814977973568
	truck: 0.5248868778280543
Test Accuracy:
	43.6%
>>>>>>>>>> Polynomial Kernel
Test F1-Score:
	airplane: 0.4150943396226416
	automobile: 0.3768115942028985
	bird: 0.21782178217821782
	cat: 0.20289855072463767
	deer: 0.26716141001855287
	dog: 0.1875
	frog: 0.3888888888888889
	horse: 0.16
	ship: 0.49019607843137253
	truck: 0.4320987654320988
Test Accuracy:
	31.1%
===== TASK 2 Q4 : Plot Results of Task2 Q3 =====
